
--- start logging --- Mon May 26 16:42:51 2008

--- end   logging --- Mon May 26 16:42:51 2008


--- start logging --- Mon May 26 16:42:53 2008

--- end   logging --- Mon May 26 16:42:53 2008


--- start logging --- Mon May 26 18:50:41 2008

--- end   logging --- Mon May 26 18:50:41 2008


--- start logging --- Mon May 26 18:50:46 2008

fatal: InputSourceException: Can't open file 'hrc/auto/gen/ant.hrc' [hrc/auto/gen/ant.hrc]
--- end   logging --- Mon May 26 18:50:49 2008


--- start logging --- Mon May 26 18:50:55 2008

fatal: InputSourceException: Can't open file 'hrc/auto/gen/ant.hrc' [hrc/auto/gen/ant.hrc]
--- end   logging --- Mon May 26 18:50:57 2008


--- start logging --- Mon May 26 19:45:19 2008

--- end   logging --- Mon May 26 19:45:19 2008


--- start logging --- Mon May 26 19:45:34 2008

--- end   logging --- Mon May 26 19:45:34 2008


--- start logging --- Mon May 26 19:45:43 2008

--- end   logging --- Mon May 26 19:45:43 2008


--- start logging --- Mon May 26 19:45:54 2008

--- end   logging --- Mon May 26 19:45:54 2008


--- start logging --- Mon May 26 19:46:05 2008

--- end   logging --- Mon May 26 19:46:05 2008


--- start logging --- Mon May 26 19:47:28 2008

--- end   logging --- Mon May 26 19:47:28 2008


--- start logging --- Mon May 26 19:50:04 2008

--- end   logging --- Mon May 26 19:50:05 2008


--- start logging --- Mon May 26 19:50:08 2008

--- end   logging --- Mon May 26 19:50:09 2008


--- start logging --- Mon May 26 19:50:15 2008

--- end   logging --- Mon May 26 19:50:15 2008


--- start logging --- Mon May 26 19:52:03 2008

--- end   logging --- Mon May 26 19:52:03 2008


--- start logging --- Tue May 27 14:01:41 2008

--- end   logging --- Tue May 27 14:04:12 2008


--- start logging --- Tue May 27 14:08:20 2008

--- end   logging --- Tue May 27 14:08:20 2008


--- start logging --- Tue May 27 14:26:52 2008


--- start logging --- Tue May 27 14:27:07 2008

--- end   logging --- Tue May 27 14:27:07 2008


--- start logging --- Tue May 27 14:27:25 2008

--- end   logging --- Tue May 27 14:27:25 2008


--- start logging --- Tue May 27 14:27:44 2008

--- end   logging --- Tue May 27 14:27:45 2008


--- start logging --- Tue May 27 17:19:14 2008

--- end   logging --- Tue May 27 17:19:14 2008


--- start logging --- Tue May 27 17:20:35 2008

--- end   logging --- Tue May 27 17:21:06 2008


--- start logging --- Tue May 27 17:32:32 2008

--- end   logging --- Tue May 27 17:33:25 2008


--- start logging --- Tue May 27 17:35:35 2008

--- end   logging --- Tue May 27 17:35:35 2008


--- start logging --- Tue May 27 17:39:24 2008

--- end   logging --- Tue May 27 17:39:24 2008


--- start logging --- Tue May 27 17:47:40 2008

--- end   logging --- Tue May 27 17:47:40 2008


--- start logging --- Tue May 27 17:51:01 2008

--- end   logging --- Tue May 27 17:51:01 2008


--- start logging --- Tue May 27 17:54:41 2008

--- end   logging --- Tue May 27 17:54:41 2008


--- start logging --- Tue May 27 18:02:24 2008

--- end   logging --- Tue May 27 18:02:24 2008


--- start logging --- Tue May 27 18:23:22 2008

--- end   logging --- Tue May 27 18:23:22 2008


--- start logging --- Tue May 27 18:31:02 2008

--- end   logging --- Tue May 27 18:31:02 2008


--- start logging --- Tue May 27 18:31:11 2008

--- end   logging --- Tue May 27 18:31:11 2008


--- start logging --- Tue May 27 18:31:58 2008

--- end   logging --- Tue May 27 18:31:58 2008


--- start logging --- Tue May 27 18:32:35 2008

--- end   logging --- Tue May 27 18:32:35 2008


--- start logging --- Tue May 27 18:33:39 2008

--- end   logging --- Tue May 27 18:33:39 2008


--- start logging --- Tue May 27 18:34:53 2008

--- end   logging --- Tue May 27 18:34:53 2008


--- start logging --- Tue May 27 18:36:08 2008

--- end   logging --- Tue May 27 18:36:08 2008


--- start logging --- Tue May 27 18:38:48 2008

--- end   logging --- Tue May 27 18:38:48 2008


--- start logging --- Tue May 27 18:40:00 2008

--- end   logging --- Tue May 27 18:40:00 2008


--- start logging --- Tue May 27 18:40:02 2008

--- end   logging --- Tue May 27 18:40:02 2008


--- start logging --- Tue May 27 18:40:49 2008

--- end   logging --- Tue May 27 18:40:49 2008


--- start logging --- Tue May 27 18:40:54 2008

--- end   logging --- Tue May 27 18:40:54 2008


--- start logging --- Tue May 27 18:44:01 2008

--- end   logging --- Tue May 27 18:44:01 2008


--- start logging --- Tue May 27 18:45:25 2008

--- end   logging --- Tue May 27 18:45:25 2008


--- start logging --- Tue May 27 18:45:59 2008

--- end   logging --- Tue May 27 18:45:59 2008


--- start logging --- Tue May 27 18:46:38 2008

--- end   logging --- Tue May 27 18:46:38 2008


--- start logging --- Tue May 27 18:47:03 2008

--- end   logging --- Tue May 27 18:47:03 2008


--- start logging --- Tue May 27 18:47:17 2008

--- end   logging --- Tue May 27 18:47:17 2008


--- start logging --- Tue May 27 18:47:26 2008

--- end   logging --- Tue May 27 18:47:26 2008


--- start logging --- Tue May 27 18:47:42 2008

--- end   logging --- Tue May 27 18:47:42 2008


--- start logging --- Tue May 27 18:48:40 2008

--- end   logging --- Tue May 27 18:48:40 2008


--- start logging --- Tue May 27 18:50:21 2008

--- end   logging --- Tue May 27 18:50:21 2008


--- start logging --- Tue May 27 18:50:36 2008

--- end   logging --- Tue May 27 18:50:36 2008


--- start logging --- Tue May 27 18:51:28 2008

--- end   logging --- Tue May 27 18:51:28 2008


--- start logging --- Tue May 27 18:51:33 2008

--- end   logging --- Tue May 27 18:51:33 2008


--- start logging --- Tue May 27 18:52:17 2008

--- end   logging --- Tue May 27 18:52:18 2008


--- start logging --- Tue May 27 18:52:24 2008

--- end   logging --- Tue May 27 18:52:24 2008


--- start logging --- Tue May 27 18:54:31 2008

--- end   logging --- Tue May 27 18:54:32 2008


--- start logging --- Tue May 27 18:54:39 2008

--- end   logging --- Tue May 27 18:54:40 2008


--- start logging --- Tue May 27 18:55:40 2008

--- end   logging --- Tue May 27 18:55:40 2008


--- start logging --- Tue May 27 18:55:44 2008

--- end   logging --- Tue May 27 18:55:45 2008


--- start logging --- Tue May 27 18:55:46 2008

--- end   logging --- Tue May 27 18:55:46 2008


--- start logging --- Tue May 27 18:56:41 2008

--- end   logging --- Tue May 27 18:56:41 2008


--- start logging --- Tue May 27 18:56:49 2008

--- end   logging --- Tue May 27 18:56:49 2008


--- start logging --- Tue May 27 18:56:50 2008

--- end   logging --- Tue May 27 18:56:50 2008


--- start logging --- Tue May 27 18:57:24 2008

--- end   logging --- Tue May 27 18:57:24 2008


--- start logging --- Tue May 27 18:57:31 2008

--- end   logging --- Tue May 27 18:57:31 2008


--- start logging --- Tue May 27 18:58:01 2008

--- end   logging --- Tue May 27 18:58:01 2008


--- start logging --- Tue May 27 18:59:44 2008

--- end   logging --- Tue May 27 18:59:44 2008


--- start logging --- Tue May 27 19:01:01 2008

--- end   logging --- Tue May 27 19:01:01 2008


--- start logging --- Tue May 27 19:01:30 2008

--- end   logging --- Tue May 27 19:01:30 2008


--- start logging --- Wed May 28 05:27:38 2008

--- end   logging --- Wed May 28 05:27:39 2008


--- start logging --- Wed May 28 05:31:12 2008

--- end   logging --- Wed May 28 05:31:12 2008


--- start logging --- Wed May 28 05:31:17 2008

--- end   logging --- Wed May 28 05:31:17 2008


--- start logging --- Wed May 28 05:31:24 2008

--- end   logging --- Wed May 28 05:31:24 2008


--- start logging --- Wed May 28 05:31:29 2008

--- end   logging --- Wed May 28 05:31:29 2008


--- start logging --- Wed May 28 05:32:29 2008

--- end   logging --- Wed May 28 05:32:29 2008


--- start logging --- Wed May 28 05:32:38 2008

--- end   logging --- Wed May 28 05:32:38 2008


--- start logging --- Wed May 28 05:36:46 2008

--- end   logging --- Wed May 28 05:36:46 2008


--- start logging --- Wed May 28 05:37:16 2008

--- end   logging --- Wed May 28 05:37:17 2008


--- start logging --- Wed May 28 05:37:21 2008

--- end   logging --- Wed May 28 05:37:21 2008


--- start logging --- Wed May 28 05:37:26 2008

--- end   logging --- Wed May 28 05:37:26 2008


--- start logging --- Wed May 28 05:37:29 2008

--- end   logging --- Wed May 28 05:37:29 2008


--- start logging --- Wed May 28 05:37:31 2008

--- end   logging --- Wed May 28 05:37:31 2008


--- start logging --- Wed May 28 05:37:53 2008

--- end   logging --- Wed May 28 05:37:53 2008


--- start logging --- Wed May 28 05:37:55 2008

--- end   logging --- Wed May 28 05:37:55 2008


--- start logging --- Wed May 28 05:58:06 2008

--- end   logging --- Wed May 28 05:58:06 2008


--- start logging --- Wed May 28 05:58:09 2008

--- end   logging --- Wed May 28 05:58:09 2008


--- start logging --- Wed May 28 05:58:12 2008

--- end   logging --- Wed May 28 05:58:12 2008


--- start logging --- Wed May 28 05:58:13 2008

--- end   logging --- Wed May 28 05:58:13 2008


--- start logging --- Wed May 28 05:58:16 2008

--- end   logging --- Wed May 28 05:58:16 2008


--- start logging --- Wed May 28 05:58:18 2008

--- end   logging --- Wed May 28 05:58:18 2008


--- start logging --- Wed May 28 05:58:23 2008

--- end   logging --- Wed May 28 05:58:23 2008


--- start logging --- Wed May 28 05:58:27 2008

--- end   logging --- Wed May 28 05:58:27 2008


--- start logging --- Wed May 28 05:58:46 2008

--- end   logging --- Wed May 28 05:58:47 2008


--- start logging --- Wed May 28 05:58:49 2008

--- end   logging --- Wed May 28 05:58:49 2008


--- start logging --- Wed May 28 05:58:56 2008

--- end   logging --- Wed May 28 05:58:57 2008


--- start logging --- Wed May 28 06:14:25 2008

--- end   logging --- Wed May 28 06:14:25 2008


--- start logging --- Wed May 28 06:14:33 2008

--- end   logging --- Wed May 28 06:14:33 2008


--- start logging --- Wed May 28 06:16:55 2008

--- end   logging --- Wed May 28 06:16:56 2008


--- start logging --- Wed May 28 06:18:04 2008

--- end   logging --- Wed May 28 06:18:05 2008


--- start logging --- Wed May 28 06:18:39 2008

--- end   logging --- Wed May 28 06:18:40 2008


--- start logging --- Wed May 28 06:18:48 2008

--- end   logging --- Wed May 28 06:18:48 2008


--- start logging --- Wed May 28 06:19:09 2008

--- end   logging --- Wed May 28 06:19:10 2008


--- start logging --- Wed May 28 06:19:27 2008

--- end   logging --- Wed May 28 06:19:27 2008


--- start logging --- Wed May 28 06:19:51 2008

--- end   logging --- Wed May 28 06:19:51 2008


--- start logging --- Wed May 28 06:20:07 2008

--- end   logging --- Wed May 28 06:20:08 2008


--- start logging --- Wed May 28 06:22:00 2008

--- end   logging --- Wed May 28 06:22:00 2008


--- start logging --- Wed May 28 06:36:28 2008

--- end   logging --- Wed May 28 06:36:28 2008


--- start logging --- Wed May 28 06:36:33 2008

--- end   logging --- Wed May 28 06:36:33 2008


--- start logging --- Wed May 28 06:36:53 2008

--- end   logging --- Wed May 28 06:36:53 2008


--- start logging --- Wed May 28 06:36:57 2008

--- end   logging --- Wed May 28 06:36:57 2008


--- start logging --- Wed May 28 06:40:00 2008

--- end   logging --- Wed May 28 06:40:00 2008


--- start logging --- Wed May 28 06:40:35 2008

--- end   logging --- Wed May 28 06:40:35 2008


--- start logging --- Wed May 28 06:42:04 2008

--- end   logging --- Wed May 28 06:42:04 2008


--- start logging --- Wed May 28 06:42:30 2008

--- end   logging --- Wed May 28 06:42:30 2008


--- start logging --- Wed May 28 06:42:58 2008

--- end   logging --- Wed May 28 06:42:58 2008


--- start logging --- Wed May 28 06:43:47 2008

--- end   logging --- Wed May 28 06:43:47 2008


--- start logging --- Wed May 28 06:44:08 2008

--- end   logging --- Wed May 28 06:44:08 2008


--- start logging --- Wed May 28 06:44:20 2008

--- end   logging --- Wed May 28 06:44:20 2008


--- start logging --- Wed May 28 06:44:22 2008

--- end   logging --- Wed May 28 06:44:22 2008


--- start logging --- Wed May 28 06:44:44 2008

--- end   logging --- Wed May 28 06:44:44 2008


--- start logging --- Wed May 28 06:45:25 2008

--- end   logging --- Wed May 28 06:45:25 2008


--- start logging --- Wed May 28 06:45:28 2008

--- end   logging --- Wed May 28 06:45:28 2008


--- start logging --- Wed May 28 06:46:01 2008

--- end   logging --- Wed May 28 06:46:01 2008


--- start logging --- Wed May 28 06:46:05 2008

--- end   logging --- Wed May 28 06:46:05 2008


--- start logging --- Wed May 28 06:46:13 2008

fatal: InputSourceException: Can't open file '/Users/franklaub/src/Colorer-take5.be5/hrc/auto/gen/ant.hrc' [/Users/franklaub/src/Colorer-take5.be5/hrc/auto/gen/ant.hrc]
--- end   logging --- Wed May 28 06:46:13 2008


--- start logging --- Wed May 28 06:47:36 2008

--- end   logging --- Wed May 28 06:47:36 2008


--- start logging --- Wed May 28 06:47:39 2008

--- end   logging --- Wed May 28 06:47:39 2008


--- start logging --- Wed May 28 06:47:55 2008

--- end   logging --- Wed May 28 06:47:55 2008


--- start logging --- Wed May 28 06:48:01 2008

--- end   logging --- Wed May 28 06:48:01 2008


--- start logging --- Wed May 28 06:49:08 2008

--- end   logging --- Wed May 28 06:49:08 2008


--- start logging --- Wed May 28 06:49:12 2008

--- end   logging --- Wed May 28 06:49:12 2008


--- start logging --- Wed May 28 06:49:18 2008

--- end   logging --- Wed May 28 06:49:18 2008


--- start logging --- Wed May 28 06:51:42 2008

--- end   logging --- Wed May 28 06:51:42 2008


--- start logging --- Wed May 28 06:53:17 2008

--- end   logging --- Wed May 28 06:53:18 2008


--- start logging --- Wed May 28 06:53:20 2008

--- end   logging --- Wed May 28 06:53:20 2008


--- start logging --- Wed May 28 06:53:25 2008

--- end   logging --- Wed May 28 06:53:25 2008


--- start logging --- Wed May 28 06:54:13 2008

--- end   logging --- Wed May 28 06:54:13 2008


--- start logging --- Wed May 28 06:54:16 2008

--- end   logging --- Wed May 28 06:54:16 2008


--- start logging --- Wed May 28 06:54:20 2008

--- end   logging --- Wed May 28 06:54:20 2008


--- start logging --- Wed May 28 06:54:22 2008

--- end   logging --- Wed May 28 06:54:22 2008


--- start logging --- Wed May 28 06:54:23 2008

--- end   logging --- Wed May 28 06:54:23 2008


--- start logging --- Wed May 28 06:54:24 2008

--- end   logging --- Wed May 28 06:54:24 2008


--- start logging --- Wed May 28 06:55:24 2008

--- end   logging --- Wed May 28 06:55:24 2008


--- start logging --- Wed May 28 06:55:27 2008

--- end   logging --- Wed May 28 06:55:27 2008


--- start logging --- Wed May 28 06:55:33 2008

--- end   logging --- Wed May 28 06:55:33 2008


--- start logging --- Wed May 28 06:56:06 2008


--- start logging --- Wed May 28 06:56:24 2008

--- end   logging --- Wed May 28 06:56:24 2008


--- start logging --- Wed May 28 06:56:27 2008

--- end   logging --- Wed May 28 06:56:27 2008


--- start logging --- Wed May 28 06:56:30 2008

--- end   logging --- Wed May 28 06:56:30 2008


--- start logging --- Wed May 28 06:56:31 2008

--- end   logging --- Wed May 28 06:56:31 2008


--- start logging --- Wed May 28 06:56:34 2008

--- end   logging --- Wed May 28 06:56:34 2008


--- start logging --- Wed May 28 06:56:44 2008

--- end   logging --- Wed May 28 06:56:45 2008


--- start logging --- Wed May 28 06:56:54 2008

--- end   logging --- Wed May 28 06:56:54 2008


--- start logging --- Wed May 28 06:56:57 2008

fatal: InputSourceException: Can't open file '/Users/franklaub/src/Colorer-take5.be5/hrc/auto/gen/ant.hrc' [/Users/franklaub/src/Colorer-take5.be5/hrc/auto/gen/ant.hrc]
--- end   logging --- Wed May 28 06:56:57 2008


--- start logging --- Wed May 28 07:14:47 2008

--- end   logging --- Wed May 28 07:14:47 2008


--- start logging --- Wed May 28 07:18:11 2008

--- end   logging --- Wed May 28 07:18:11 2008


--- start logging --- Wed May 28 07:19:10 2008

--- end   logging --- Wed May 28 07:19:10 2008


--- start logging --- Wed May 28 07:19:48 2008

--- end   logging --- Wed May 28 07:19:48 2008


--- start logging --- Wed May 28 07:20:01 2008

--- end   logging --- Wed May 28 07:20:01 2008


--- start logging --- Wed May 28 07:20:02 2008

--- end   logging --- Wed May 28 07:20:02 2008


--- start logging --- Wed May 28 07:20:20 2008

--- end   logging --- Wed May 28 07:20:20 2008


--- start logging --- Wed May 28 07:21:53 2008

--- end   logging --- Wed May 28 07:21:53 2008


--- start logging --- Wed May 28 07:22:00 2008

--- end   logging --- Wed May 28 07:22:00 2008


--- start logging --- Wed May 28 07:22:07 2008

--- end   logging --- Wed May 28 07:22:07 2008


--- start logging --- Wed May 28 07:22:10 2008

--- end   logging --- Wed May 28 07:22:10 2008


--- start logging --- Wed May 28 07:22:12 2008

--- end   logging --- Wed May 28 07:22:12 2008


--- start logging --- Wed May 28 07:22:16 2008

--- end   logging --- Wed May 28 07:22:16 2008


--- start logging --- Wed May 28 07:22:19 2008

--- end   logging --- Wed May 28 07:22:19 2008


--- start logging --- Wed May 28 07:22:34 2008

--- end   logging --- Wed May 28 07:22:35 2008


--- start logging --- Wed May 28 07:22:37 2008

--- end   logging --- Wed May 28 07:22:37 2008


--- start logging --- Wed May 28 07:22:41 2008

--- end   logging --- Wed May 28 07:22:41 2008


--- start logging --- Wed May 28 07:22:58 2008

--- end   logging --- Wed May 28 07:22:58 2008


--- start logging --- Wed May 28 07:23:00 2008

--- end   logging --- Wed May 28 07:23:00 2008


--- start logging --- Wed May 28 07:23:04 2008

--- end   logging --- Wed May 28 07:23:04 2008


--- start logging --- Wed May 28 07:23:05 2008

--- end   logging --- Wed May 28 07:23:05 2008


--- start logging --- Wed May 28 07:23:09 2008

fatal: InputSourceException: Can't open file '/Users/franklaub/src/Colorer-take5.be5/hrc/auto/gen/ant.hrc' [/Users/franklaub/src/Colorer-take5.be5/hrc/auto/gen/ant.hrc]
--- end   logging --- Wed May 28 07:23:09 2008


--- start logging --- Wed May 28 07:23:16 2008

--- end   logging --- Wed May 28 07:23:16 2008


--- start logging --- Wed May 28 07:23:22 2008

--- end   logging --- Wed May 28 07:23:22 2008


--- start logging --- Wed May 28 07:23:23 2008

--- end   logging --- Wed May 28 07:23:23 2008


--- start logging --- Wed May 28 07:23:25 2008

--- end   logging --- Wed May 28 07:23:25 2008


--- start logging --- Wed May 28 07:23:27 2008

--- end   logging --- Wed May 28 07:23:28 2008


--- start logging --- Wed May 28 07:23:44 2008

--- end   logging --- Wed May 28 07:23:46 2008


--- start logging --- Wed May 28 07:24:24 2008

--- end   logging --- Wed May 28 07:24:25 2008


--- start logging --- Wed May 28 07:24:41 2008

--- end   logging --- Wed May 28 07:24:41 2008


--- start logging --- Wed May 28 07:24:43 2008

--- end   logging --- Wed May 28 07:24:43 2008


--- start logging --- Wed May 28 07:24:45 2008

--- end   logging --- Wed May 28 07:24:45 2008


--- start logging --- Wed May 28 07:24:47 2008

--- end   logging --- Wed May 28 07:24:47 2008


--- start logging --- Wed May 28 07:24:53 2008

--- end   logging --- Wed May 28 07:24:53 2008


--- start logging --- Wed May 28 07:24:57 2008

--- end   logging --- Wed May 28 07:24:58 2008


--- start logging --- Wed May 28 07:25:15 2008

--- end   logging --- Wed May 28 07:25:16 2008


--- start logging --- Wed May 28 07:25:26 2008

--- end   logging --- Wed May 28 07:25:26 2008


--- start logging --- Wed May 28 07:28:56 2008

--- end   logging --- Wed May 28 07:28:56 2008


--- start logging --- Wed May 28 07:32:51 2008

--- end   logging --- Wed May 28 07:32:51 2008


--- start logging --- Wed May 28 07:33:08 2008

--- end   logging --- Wed May 28 07:33:08 2008


--- start logging --- Wed May 28 07:33:16 2008

--- end   logging --- Wed May 28 07:33:17 2008


--- start logging --- Wed May 28 07:33:22 2008

--- end   logging --- Wed May 28 07:33:22 2008


--- start logging --- Wed May 28 07:36:42 2008

--- end   logging --- Wed May 28 07:36:43 2008


--- start logging --- Wed May 28 07:36:51 2008

--- end   logging --- Wed May 28 07:36:51 2008


--- start logging --- Wed May 28 07:36:55 2008

--- end   logging --- Wed May 28 07:36:56 2008


--- start logging --- Wed May 28 07:36:59 2008

--- end   logging --- Wed May 28 07:36:59 2008


--- start logging --- Wed May 28 07:37:25 2008

--- end   logging --- Wed May 28 07:37:25 2008


--- start logging --- Wed May 28 07:37:26 2008

--- end   logging --- Wed May 28 07:37:26 2008


--- start logging --- Wed May 28 07:37:28 2008

--- end   logging --- Wed May 28 07:37:28 2008


--- start logging --- Wed May 28 07:37:32 2008

--- end   logging --- Wed May 28 07:37:32 2008


--- start logging --- Wed May 28 07:37:47 2008

--- end   logging --- Wed May 28 07:37:47 2008


--- start logging --- Wed May 28 07:37:52 2008

--- end   logging --- Wed May 28 07:37:52 2008


--- start logging --- Wed May 28 07:38:01 2008

--- end   logging --- Wed May 28 07:38:02 2008


--- start logging --- Wed May 28 07:40:03 2008

--- end   logging --- Wed May 28 07:40:04 2008


--- start logging --- Wed May 28 07:40:11 2008

--- end   logging --- Wed May 28 07:40:11 2008


--- start logging --- Wed May 28 07:40:38 2008

--- end   logging --- Wed May 28 07:40:38 2008


--- start logging --- Wed May 28 07:40:41 2008

--- end   logging --- Wed May 28 07:40:41 2008


--- start logging --- Wed May 28 07:40:43 2008

--- end   logging --- Wed May 28 07:40:43 2008


--- start logging --- Wed May 28 07:40:45 2008

--- end   logging --- Wed May 28 07:40:45 2008


--- start logging --- Wed May 28 07:40:52 2008

--- end   logging --- Wed May 28 07:40:52 2008


--- start logging --- Wed May 28 07:40:54 2008

--- end   logging --- Wed May 28 07:40:54 2008


--- start logging --- Wed May 28 07:40:55 2008

--- end   logging --- Wed May 28 07:40:55 2008


--- start logging --- Wed May 28 07:41:08 2008

--- end   logging --- Wed May 28 07:41:10 2008


--- start logging --- Wed May 28 07:41:39 2008

--- end   logging --- Wed May 28 07:41:39 2008


--- start logging --- Wed May 28 07:46:38 2008

--- end   logging --- Wed May 28 07:46:38 2008


--- start logging --- Wed May 28 07:46:44 2008

--- end   logging --- Wed May 28 07:46:44 2008


--- start logging --- Wed May 28 07:46:47 2008

--- end   logging --- Wed May 28 07:46:48 2008


--- start logging --- Wed May 28 07:46:50 2008

--- end   logging --- Wed May 28 07:46:50 2008


--- start logging --- Wed May 28 07:46:55 2008

--- end   logging --- Wed May 28 07:46:55 2008


--- start logging --- Wed May 28 07:47:01 2008

--- end   logging --- Wed May 28 07:47:01 2008


--- start logging --- Wed May 28 07:47:05 2008

--- end   logging --- Wed May 28 07:47:05 2008


--- start logging --- Wed May 28 07:47:23 2008

--- end   logging --- Wed May 28 07:47:24 2008


--- start logging --- Wed May 28 08:55:51 2008

--- end   logging --- Wed May 28 08:55:51 2008


--- start logging --- Wed May 28 08:56:01 2008

--- end   logging --- Wed May 28 08:56:01 2008


--- start logging --- Wed May 28 08:56:32 2008

--- end   logging --- Wed May 28 08:56:33 2008


--- start logging --- Wed May 28 08:57:52 2008

--- end   logging --- Wed May 28 08:57:54 2008


--- start logging --- Wed May 28 14:47:17 2008

--- end   logging --- Wed May 28 14:47:17 2008


--- start logging --- Wed May 28 14:48:45 2008

--- end   logging --- Wed May 28 14:48:46 2008


--- start logging --- Wed May 28 16:26:21 2008

--- end   logging --- Wed May 28 16:26:22 2008


--- start logging --- Wed May 28 16:26:33 2008

--- end   logging --- Wed May 28 16:26:33 2008


--- start logging --- Wed May 28 16:27:33 2008

--- end   logging --- Wed May 28 16:28:45 2008


--- start logging --- Wed May 28 16:28:52 2008

--- end   logging --- Wed May 28 16:28:52 2008


--- start logging --- Wed May 28 16:29:20 2008

fatal: InputSourceException: Can't open file '/Users/franklaub/src/Colorer-take5.be5/hrc/auto/gen/ant.hrc' [/Users/franklaub/src/Colorer-take5.be5/hrc/auto/gen/ant.hrc]
--- end   logging --- Wed May 28 16:29:20 2008


--- start logging --- Wed May 28 16:29:21 2008

--- end   logging --- Wed May 28 16:29:22 2008


--- start logging --- Wed May 28 16:31:04 2008

--- end   logging --- Wed May 28 16:31:05 2008


--- start logging --- Wed May 28 16:31:51 2008

--- end   logging --- Wed May 28 16:31:52 2008


--- start logging --- Wed May 28 16:32:01 2008

--- end   logging --- Wed May 28 16:32:01 2008


--- start logging --- Wed May 28 16:32:59 2008

--- end   logging --- Wed May 28 16:33:00 2008


--- start logging --- Wed May 28 16:33:04 2008

--- end   logging --- Wed May 28 16:33:04 2008


--- start logging --- Wed May 28 16:34:52 2008

--- end   logging --- Wed May 28 16:34:53 2008


--- start logging --- Wed May 28 16:34:59 2008

--- end   logging --- Wed May 28 16:35:04 2008


--- start logging --- Wed May 28 16:36:22 2008

--- end   logging --- Wed May 28 16:36:23 2008


--- start logging --- Wed May 28 16:36:25 2008

--- end   logging --- Wed May 28 16:36:25 2008


--- start logging --- Wed May 28 16:36:33 2008

--- end   logging --- Wed May 28 16:36:37 2008


--- start logging --- Wed May 28 16:37:05 2008

--- end   logging --- Wed May 28 16:37:06 2008


--- start logging --- Wed May 28 16:37:41 2008

--- end   logging --- Wed May 28 16:37:42 2008


--- start logging --- Wed May 28 16:37:46 2008

--- end   logging --- Wed May 28 16:37:47 2008


--- start logging --- Wed May 28 16:39:07 2008

--- end   logging --- Wed May 28 16:39:07 2008


--- start logging --- Wed May 28 16:39:11 2008

--- end   logging --- Wed May 28 16:39:11 2008


--- start logging --- Wed May 28 16:39:19 2008

--- end   logging --- Wed May 28 16:39:19 2008


--- start logging --- Wed May 28 16:43:28 2008

--- end   logging --- Wed May 28 16:43:32 2008


--- start logging --- Wed May 28 16:43:43 2008

--- end   logging --- Wed May 28 16:46:06 2008


--- start logging --- Wed May 28 16:47:05 2008

--- end   logging --- Wed May 28 16:47:05 2008


--- start logging --- Wed May 28 16:47:10 2008

--- end   logging --- Wed May 28 16:47:10 2008


--- start logging --- Wed May 28 16:47:15 2008

fatal: InputSourceException: Can't open file '/Users/franklaub/src/Colorer-take5.be5/hrc/auto/gen/ant.hrc' [/Users/franklaub/src/Colorer-take5.be5/hrc/auto/gen/ant.hrc]
--- end   logging --- Wed May 28 16:47:15 2008


--- start logging --- Wed May 28 16:47:17 2008

--- end   logging --- Wed May 28 16:47:17 2008


--- start logging --- Wed May 28 16:47:24 2008

--- end   logging --- Wed May 28 16:47:24 2008


--- start logging --- Wed May 28 16:47:25 2008

--- end   logging --- Wed May 28 16:47:25 2008


--- start logging --- Wed May 28 16:47:26 2008

--- end   logging --- Wed May 28 16:47:26 2008


--- start logging --- Wed May 28 16:47:28 2008

--- end   logging --- Wed May 28 16:47:28 2008


--- start logging --- Wed May 28 16:47:46 2008

--- end   logging --- Wed May 28 16:47:47 2008


--- start logging --- Wed May 28 16:48:03 2008

--- end   logging --- Wed May 28 16:48:03 2008


--- start logging --- Wed May 28 16:48:13 2008

--- end   logging --- Wed May 28 16:48:13 2008


--- start logging --- Wed May 28 16:48:35 2008

--- end   logging --- Wed May 28 16:48:35 2008


--- start logging --- Wed May 28 16:55:42 2008

--- end   logging --- Wed May 28 16:55:42 2008


--- start logging --- Wed May 28 16:55:47 2008

--- end   logging --- Wed May 28 16:55:47 2008


--- start logging --- Wed May 28 16:55:50 2008

--- end   logging --- Wed May 28 16:55:50 2008


--- start logging --- Wed May 28 16:55:56 2008

--- end   logging --- Wed May 28 16:55:58 2008


--- start logging --- Tue Jun 10 13:10:57 2008

--- end   logging --- Tue Jun 10 13:10:58 2008


--- start logging --- Tue Jun 10 13:11:02 2008

--- end   logging --- Tue Jun 10 13:11:02 2008


--- start logging --- Tue Jun 10 13:11:04 2008

--- end   logging --- Tue Jun 10 13:11:04 2008


--- start logging --- Tue Jun 10 13:11:09 2008

--- end   logging --- Tue Jun 10 13:11:09 2008


--- start logging --- Tue Jun 10 14:27:45 2008

--- end   logging --- Tue Jun 10 14:27:45 2008


--- start logging --- Tue Jun 10 14:27:50 2008

--- end   logging --- Tue Jun 10 14:27:50 2008


--- start logging --- Wed Jun 11 12:37:54 2008

--- end   logging --- Wed Jun 11 12:37:55 2008


--- start logging --- Fri Jun 13 14:07:35 2008

--- end   logging --- Fri Jun 13 14:07:36 2008


--- start logging --- Tue Jun 17 17:45:51 2008

--- end   logging --- Tue Jun 17 17:45:51 2008


--- start logging --- Wed Jun 18 07:35:58 2008

--- end   logging --- Wed Jun 18 07:35:58 2008


--- start logging --- Wed Jun 18 08:06:28 2008

--- end   logging --- Wed Jun 18 08:06:28 2008


--- start logging --- Wed Jun 18 08:19:25 2008

--- end   logging --- Wed Jun 18 08:19:25 2008


--- start logging --- Thu Jun 19 12:03:31 2008

--- end   logging --- Thu Jun 19 12:03:31 2008


--- start logging --- Thu Jun 19 12:20:36 2008

--- end   logging --- Thu Jun 19 12:20:36 2008


--- start logging --- Thu Jun 19 12:23:11 2008

--- end   logging --- Thu Jun 19 12:23:12 2008


--- start logging --- Thu Jun 19 12:23:21 2008

--- end   logging --- Thu Jun 19 12:23:21 2008


--- start logging --- Fri Jun 20 10:34:04 2008

--- end   logging --- Fri Jun 20 10:34:04 2008


--- start logging --- Fri Jun 20 11:25:29 2008

--- end   logging --- Fri Jun 20 11:25:30 2008


--- start logging --- Fri Jun 20 13:46:36 2008

--- end   logging --- Fri Jun 20 13:46:36 2008


--- start logging --- Fri Jun 20 13:47:04 2008

--- end   logging --- Fri Jun 20 13:47:04 2008


--- start logging --- Fri Nov 28 21:43:57 2008

--- end   logging --- Fri Nov 28 21:43:57 2008


--- start logging --- Fri Nov 28 21:47:31 2008

--- end   logging --- Fri Nov 28 21:47:31 2008


--- start logging --- Fri Nov 28 21:47:39 2008

--- end   logging --- Fri Nov 28 21:47:39 2008

